<?xml version="1.0" encoding="UTF-8"?>
<!-- Generated by org.testng.reporters.JUnitReportReporter -->
<testsuite hostname="LAPTOP-SK2I11LG" failures="0" tests="1" name="test.ListCustomerTest" time="48.050" errors="0" timestamp="2022-03-21T15:41:36 EDT" skipped="0">
  <testcase classname="test.ListCustomerTest" name="ValidUserShouldAbleToAddContact" time="48.050"/>
  <system-out/>
</testsuite> <!-- test.ListCustomerTest -->
