<?xml version="1.0" encoding="UTF-8"?>
<!-- Generated by org.testng.reporters.JUnitReportReporter -->
<testsuite hostname="LAPTOP-SK2I11LG" failures="0" tests="1" name="test.AddContactTest" time="11.591" errors="0" timestamp="2022-03-16T18:38:47 EDT" skipped="0">
  <testcase classname="test.AddContactTest" name="ValidUserShouldAbleToAddContact" time="11.591"/>
  <system-out/>
</testsuite> <!-- test.AddContactTest -->
