<?xml version="1.0" encoding="UTF-8"?>
<!-- Generated by org.testng.reporters.JUnitReportReporter -->
<testsuite hostname="LAPTOP-SK2I11LG" failures="0" tests="1" name="test.LoginTest" time="7.600" errors="0" timestamp="2022-03-16T22:43:49 EDT" skipped="0">
  <testcase classname="test.LoginTest" name="validUserShouldAbleToLogin" time="7.600"/>
  <system-out/>
</testsuite> <!-- test.LoginTest -->
