<?xml version="1.0" encoding="UTF-8"?>
<!-- Generated by org.testng.reporters.JUnitReportReporter -->
<testsuite hostname="LAPTOP-SK2I11LG" failures="0" tests="1" name="test.AddContactTest" time="14.095" errors="0" timestamp="17 Mar 2022 02:42:41 GMT" skipped="0">
  <testcase classname="test.AddContactTest" name="ValidUserShouldAbleToAddContact" time="14.095"/>
</testsuite> <!-- test.AddContactTest -->
